
2021-12-20 04:26:26 195.158.15.88
Settings was changed during [61bfbf9c4b064]: array (
  'price_type_uuid' => 'cc208e6a-e86e-11ea-a8cb-00155d01310e',
)

2021-12-21 21:49:20 213.230.111.7
Settings was changed during [61c20590309c3]: array (
  'expert' => true,
)

2021-12-22 20:58:40 213.230.111.7
Settings was changed during [61c34b30803e7]: array (
  'purchase_price_type_uuid' => false,
  'purchase_price_type' => false,
  'compare_price_type_uuid' => false,
  'compare_price_type' => false,
)

2021-12-23 14:13:20 213.230.111.7
Settings was changed during [61c43db0deb91]: array (
  'features_map' => 
  array (
    'value' => 
    array (
      'Полное наименование' => 'm:name',
      'Файл' => 's',
    ),
    'uuid' => 
    array (
      '5e46fbbf-627e-11ec-8e06-00155d01310e' => 's',
    ),
  ),
)

2021-12-23 14:14:34 213.230.111.7
Settings was changed during [61c43dfab308a]: array (
  'purchase_price_type_uuid' => false,
  'purchase_price_type' => false,
  'compare_price_type_uuid' => false,
  'compare_price_type' => false,
)

2021-12-23 14:19:06 213.230.111.7
Settings was changed during [61c43f0a651df]: array (
  'purchase_price_type_uuid' => false,
  'purchase_price_type' => false,
  'compare_price_type_uuid' => false,
  'compare_price_type' => false,
)

2022-03-23 17:38:36 213.230.111.7
Settings was changed during [623b14cc3428a]: array (
  'expert' => true,
)
